19-09-26 19:46:23
cp: /Users/maggie/Library/Caches/Google/Chrome/Default/Media Cache: No such file or directory
==================
19-09-26 20:19:27
cp: /Users/maggie/sooheesh/index/Backup/Chrome/History: No such file or directory
cp: /Users/maggie/sooheesh/index/Backup/Chrome/History-journal: No such file or directory
cp: /Users/maggie/sooheesh/index/Backup/Chrome/Current Tabs: No such file or directory
cp: /Users/maggie/sooheesh/index/Backup/Chrome/Cache: No such file or directory
cp: directory /Users/maggie/sooheesh/index/Backup/Chrome does not exist
cp: /Users/maggie/sooheesh/index/Backup/Chrome/Cookies: No such file or directory
cp: /Users/maggie/sooheesh/index/Backup/Chrome/Cookies-journal: No such file or directory
cp: /Users/maggie/sooheesh/index/Backup/Safari/History.db: No such file or directory
cp: /Users/maggie/sooheesh/index/Backup/Safari/History.db-lock: No such file or directory
cp: /Users/maggie/sooheesh/index/Backup/Safari/History.db-shm: No such file or directory
cp: /Users/maggie/sooheesh/index/Backup/Safari/History.db-wal: No such file or directory
cp: /Users/maggie/sooheesh/index/Backup/Safari/RecentlyClosedTabs.plist: No such file or directory
cp: /Users/maggie/sooheesh/index/Backup/Safari/LastSession.plist: No such file or directory
cp: /Users/maggie/sooheesh/index/Backup/Safari/LocalStorage: No such file or directory
cp: /Users/maggie/sooheesh/index/Backup/Safari/Cookies: No such file or directory
==================
19-09-26 20:21:19
cp: /Users/maggie/sooheesh/index/Backup/Chrome/History: No such file or directory
cp: /Users/maggie/sooheesh/index/Backup/Chrome/History-journal: No such file or directory
cp: /Users/maggie/sooheesh/index/Backup/Chrome/Current Tabs: No such file or directory
cp: /Users/maggie/sooheesh/index/Backup/Chrome/Cache: No such file or directory
cp: directory /Users/maggie/sooheesh/index/Backup/Chrome does not exist
cp: /Users/maggie/sooheesh/index/Backup/Chrome/Cookies: No such file or directory
cp: /Users/maggie/sooheesh/index/Backup/Chrome/Cookies-journal: No such file or directory
cp: /Users/maggie/sooheesh/index/Backup/Safari/History.db: No such file or directory
cp: /Users/maggie/sooheesh/index/Backup/Safari/History.db-lock: No such file or directory
cp: /Users/maggie/sooheesh/index/Backup/Safari/History.db-shm: No such file or directory
cp: /Users/maggie/sooheesh/index/Backup/Safari/History.db-wal: No such file or directory
cp: /Users/maggie/sooheesh/index/Backup/Safari/RecentlyClosedTabs.plist: No such file or directory
cp: /Users/maggie/sooheesh/index/Backup/Safari/LastSession.plist: No such file or directory
cp: /Users/maggie/sooheesh/index/Backup/Safari/LocalStorage: No such file or directory
cp: /Users/maggie/sooheesh/index/Backup/Safari/Cookies: No such file or directory
==================
19-09-26 20:21:40
cp: /Users/maggie/sooheesh/index/Backup/Chrome/History: No such file or directory
cp: /Users/maggie/sooheesh/index/Backup/Chrome/History-journal: No such file or directory
cp: /Users/maggie/sooheesh/index/Backup/Chrome/Current Tabs: No such file or directory
cp: /Users/maggie/sooheesh/index/Backup/Chrome/Cache: No such file or directory
cp: directory /Users/maggie/sooheesh/index/Backup/Chrome does not exist
cp: /Users/maggie/sooheesh/index/Backup/Chrome/Cookies: No such file or directory
cp: /Users/maggie/sooheesh/index/Backup/Chrome/Cookies-journal: No such file or directory
cp: /Users/maggie/sooheesh/index/Backup/Safari/History.db: No such file or directory
cp: /Users/maggie/sooheesh/index/Backup/Safari/History.db-lock: No such file or directory
cp: /Users/maggie/sooheesh/index/Backup/Safari/History.db-shm: No such file or directory
cp: /Users/maggie/sooheesh/index/Backup/Safari/History.db-wal: No such file or directory
cp: /Users/maggie/sooheesh/index/Backup/Safari/RecentlyClosedTabs.plist: No such file or directory
cp: /Users/maggie/sooheesh/index/Backup/Safari/LastSession.plist: No such file or directory
cp: /Users/maggie/sooheesh/index/Backup/Safari/LocalStorage: No such file or directory
cp: /Users/maggie/sooheesh/index/Backup/Safari/Cookies: No such file or directory
==================
19-09-26 20:25:30
cp: /Users/maggie/sooheesh/index/Backup/Chrome/History: No such file or directory
cp: /Users/maggie/sooheesh/index/Backup/Chrome/History-journal: No such file or directory
cp: /Users/maggie/sooheesh/index/Backup/Chrome/Current Tabs: No such file or directory
cp: /Users/maggie/sooheesh/index/Backup/Chrome/Cache: No such file or directory
cp: directory /Users/maggie/sooheesh/index/Backup/Chrome does not exist
cp: /Users/maggie/sooheesh/index/Backup/Chrome/Cookies: No such file or directory
cp: /Users/maggie/sooheesh/index/Backup/Chrome/Cookies-journal: No such file or directory
cp: /Users/maggie/sooheesh/index/Backup/Safari/History.db: No such file or directory
cp: /Users/maggie/sooheesh/index/Backup/Safari/History.db-lock: No such file or directory
cp: /Users/maggie/sooheesh/index/Backup/Safari/History.db-shm: No such file or directory
cp: /Users/maggie/sooheesh/index/Backup/Safari/History.db-wal: No such file or directory
cp: /Users/maggie/sooheesh/index/Backup/Safari/RecentlyClosedTabs.plist: No such file or directory
cp: /Users/maggie/sooheesh/index/Backup/Safari/LastSession.plist: No such file or directory
cp: /Users/maggie/sooheesh/index/Backup/Safari/LocalStorage: No such file or directory
cp: /Users/maggie/sooheesh/index/Backup/Safari/Cookies: No such file or directory
==================
19-09-26 20:27:22
cp: /Users/maggie/sooheesh/index/Backup/Chrome/History: No such file or directory
cp: /Users/maggie/sooheesh/index/Backup/Chrome/History-journal: No such file or directory
cp: /Users/maggie/sooheesh/index/Backup/Chrome/Current Tabs: No such file or directory
cp: /Users/maggie/sooheesh/index/Backup/Chrome/Cache: No such file or directory
cp: directory /Users/maggie/sooheesh/index/Backup/Chrome does not exist
cp: /Users/maggie/sooheesh/index/Backup/Chrome/Cookies: No such file or directory
cp: /Users/maggie/sooheesh/index/Backup/Chrome/Cookies-journal: No such file or directory
cp: /Users/maggie/sooheesh/index/Backup/Safari/History.db: No such file or directory
cp: /Users/maggie/sooheesh/index/Backup/Safari/History.db-lock: No such file or directory
cp: /Users/maggie/sooheesh/index/Backup/Safari/History.db-shm: No such file or directory
cp: /Users/maggie/sooheesh/index/Backup/Safari/History.db-wal: No such file or directory
cp: /Users/maggie/sooheesh/index/Backup/Safari/RecentlyClosedTabs.plist: No such file or directory
cp: /Users/maggie/sooheesh/index/Backup/Safari/LastSession.plist: No such file or directory
cp: /Users/maggie/sooheesh/index/Backup/Safari/LocalStorage: No such file or directory
cp: /Users/maggie/sooheesh/index/Backup/Safari/Cookies: No such file or directory
==================
19-09-26 20:28:09
cp: /Users/maggie/sooheesh/index/Backup/Chrome/History: No such file or directory
cp: /Users/maggie/sooheesh/index/Backup/Chrome/History-journal: No such file or directory
cp: /Users/maggie/sooheesh/index/Backup/Chrome/Current Tabs: No such file or directory
cp: /Users/maggie/sooheesh/index/Backup/Chrome/Cache: No such file or directory
cp: directory /Users/maggie/sooheesh/index/Backup/Chrome does not exist
cp: /Users/maggie/sooheesh/index/Backup/Chrome/Cookies: No such file or directory
cp: /Users/maggie/sooheesh/index/Backup/Chrome/Cookies-journal: No such file or directory
cp: /Users/maggie/sooheesh/index/Backup/Safari/History.db: No such file or directory
cp: /Users/maggie/sooheesh/index/Backup/Safari/History.db-lock: No such file or directory
cp: /Users/maggie/sooheesh/index/Backup/Safari/History.db-shm: No such file or directory
cp: /Users/maggie/sooheesh/index/Backup/Safari/History.db-wal: No such file or directory
cp: /Users/maggie/sooheesh/index/Backup/Safari/RecentlyClosedTabs.plist: No such file or directory
cp: /Users/maggie/sooheesh/index/Backup/Safari/LastSession.plist: No such file or directory
cp: /Users/maggie/sooheesh/index/Backup/Safari/LocalStorage: No such file or directory
cp: /Users/maggie/sooheesh/index/Backup/Safari/Cookies: No such file or directory
==================
